<?xml version="1.0" encoding="UTF-8"?>
<testng-results ignored="0" total="7" passed="7" failed="0" skipped="0">
  <reporter-output>
  </reporter-output>
  <suite started-at="2022-07-24T18:54:33 IST" name="Suite" finished-at="2022-07-24T18:55:02 IST" duration-ms="29003">
    <groups>
    </groups>
    <test started-at="2022-07-24T18:54:33 IST" name="Test" finished-at="2022-07-24T18:55:02 IST" duration-ms="29003">
      <class name="mavenprojetdemos.ProjectDemoWebShop">
        <test-method is-config="true" signature="openBrowser()[pri:0, instance:mavenprojetdemos.ProjectDemoWebShop@3d6f0054]" started-at="2022-07-24T18:54:31 IST" name="openBrowser" finished-at="2022-07-24T18:54:33 IST" duration-ms="2370" status="PASS">
          <reporter-output>
          </reporter-output>
        </test-method> <!-- openBrowser -->
        <test-method is-config="true" signature="enterUrl()[pri:0, instance:mavenprojetdemos.ProjectDemoWebShop@3d6f0054]" started-at="2022-07-24T18:54:33 IST" name="enterUrl" finished-at="2022-07-24T18:54:38 IST" duration-ms="5155" status="PASS">
          <reporter-output>
          </reporter-output>
        </test-method> <!-- enterUrl -->
        <test-method is-config="true" signature="maximize()[pri:0, instance:mavenprojetdemos.ProjectDemoWebShop@3d6f0054]" started-at="2022-07-24T18:54:38 IST" name="maximize" finished-at="2022-07-24T18:54:39 IST" duration-ms="136" status="PASS">
          <reporter-output>
          </reporter-output>
        </test-method> <!-- maximize -->
        <test-method is-config="true" signature="getCookies()[pri:0, instance:mavenprojetdemos.ProjectDemoWebShop@3d6f0054]" started-at="2022-07-24T18:54:39 IST" name="getCookies" finished-at="2022-07-24T18:54:39 IST" duration-ms="22" status="PASS">
          <reporter-output>
          </reporter-output>
        </test-method> <!-- getCookies -->
        <test-method signature="aRegister(java.lang.String,java.lang.String,java.lang.String,java.lang.String,java.lang.String)[pri:1, instance:mavenprojetdemos.ProjectDemoWebShop@3d6f0054]" started-at="2022-07-24T18:54:39 IST" name="aRegister" data-provider="getData" finished-at="2022-07-24T18:54:41 IST" duration-ms="2415" status="PASS">
          <params>
            <param index="0">
              <value>
                <![CDATA[cjc]]>
              </value>
            </param>
            <param index="1">
              <value>
                <![CDATA[classes]]>
              </value>
            </param>
            <param index="2">
              <value>
                <![CDATA[cjc.classes141@gmail.com]]>
              </value>
            </param>
            <param index="3">
              <value>
                <![CDATA[cjc@54321]]>
              </value>
            </param>
            <param index="4">
              <value>
                <![CDATA[cjc@54321]]>
              </value>
            </param>
          </params>
          <reporter-output>
          </reporter-output>
        </test-method> <!-- aRegister -->
        <test-method is-config="true" signature="captureScreenShot()[pri:0, instance:mavenprojetdemos.ProjectDemoWebShop@3d6f0054]" started-at="2022-07-24T18:54:41 IST" name="captureScreenShot" finished-at="2022-07-24T18:54:41 IST" duration-ms="261" status="PASS">
          <reporter-output>
          </reporter-output>
        </test-method> <!-- captureScreenShot -->
        <test-method is-config="true" signature="getCookies()[pri:0, instance:mavenprojetdemos.ProjectDemoWebShop@3d6f0054]" started-at="2022-07-24T18:54:41 IST" name="getCookies" finished-at="2022-07-24T18:54:41 IST" duration-ms="14" status="PASS">
          <reporter-output>
          </reporter-output>
        </test-method> <!-- getCookies -->
        <test-method signature="bContinue()[pri:2, instance:mavenprojetdemos.ProjectDemoWebShop@3d6f0054]" started-at="2022-07-24T18:54:41 IST" name="bContinue" finished-at="2022-07-24T18:54:53 IST" duration-ms="11549" status="PASS">
          <reporter-output>
          </reporter-output>
        </test-method> <!-- bContinue -->
        <test-method is-config="true" signature="captureScreenShot()[pri:0, instance:mavenprojetdemos.ProjectDemoWebShop@3d6f0054]" started-at="2022-07-24T18:54:53 IST" name="captureScreenShot" finished-at="2022-07-24T18:54:53 IST" duration-ms="261" status="PASS">
          <reporter-output>
          </reporter-output>
        </test-method> <!-- captureScreenShot -->
        <test-method is-config="true" signature="getCookies()[pri:0, instance:mavenprojetdemos.ProjectDemoWebShop@3d6f0054]" started-at="2022-07-24T18:54:53 IST" name="getCookies" finished-at="2022-07-24T18:54:53 IST" duration-ms="9" status="PASS">
          <reporter-output>
          </reporter-output>
        </test-method> <!-- getCookies -->
        <test-method signature="shoppingCart()[pri:3, instance:mavenprojetdemos.ProjectDemoWebShop@3d6f0054]" started-at="2022-07-24T18:54:53 IST" name="shoppingCart" finished-at="2022-07-24T18:54:57 IST" duration-ms="3649" status="PASS">
          <reporter-output>
          </reporter-output>
        </test-method> <!-- shoppingCart -->
        <test-method is-config="true" signature="captureScreenShot()[pri:0, instance:mavenprojetdemos.ProjectDemoWebShop@3d6f0054]" started-at="2022-07-24T18:54:57 IST" name="captureScreenShot" finished-at="2022-07-24T18:54:57 IST" duration-ms="181" status="PASS">
          <reporter-output>
          </reporter-output>
        </test-method> <!-- captureScreenShot -->
        <test-method is-config="true" signature="getCookies()[pri:0, instance:mavenprojetdemos.ProjectDemoWebShop@3d6f0054]" started-at="2022-07-24T18:54:57 IST" name="getCookies" finished-at="2022-07-24T18:54:57 IST" duration-ms="8" status="PASS">
          <reporter-output>
          </reporter-output>
        </test-method> <!-- getCookies -->
        <test-method signature="billingAddress()[pri:4, instance:mavenprojetdemos.ProjectDemoWebShop@3d6f0054]" started-at="2022-07-24T18:54:57 IST" name="billingAddress" finished-at="2022-07-24T18:54:59 IST" duration-ms="1623" status="PASS">
          <reporter-output>
          </reporter-output>
        </test-method> <!-- billingAddress -->
        <test-method is-config="true" signature="captureScreenShot()[pri:0, instance:mavenprojetdemos.ProjectDemoWebShop@3d6f0054]" started-at="2022-07-24T18:54:59 IST" name="captureScreenShot" finished-at="2022-07-24T18:54:59 IST" duration-ms="191" status="PASS">
          <reporter-output>
          </reporter-output>
        </test-method> <!-- captureScreenShot -->
        <test-method is-config="true" signature="getCookies()[pri:0, instance:mavenprojetdemos.ProjectDemoWebShop@3d6f0054]" started-at="2022-07-24T18:54:59 IST" name="getCookies" finished-at="2022-07-24T18:54:59 IST" duration-ms="11" status="PASS">
          <reporter-output>
          </reporter-output>
        </test-method> <!-- getCookies -->
        <test-method signature="shippingAddress()[pri:5, instance:mavenprojetdemos.ProjectDemoWebShop@3d6f0054]" started-at="2022-07-24T18:54:59 IST" name="shippingAddress" finished-at="2022-07-24T18:55:00 IST" duration-ms="1212" status="PASS">
          <reporter-output>
          </reporter-output>
        </test-method> <!-- shippingAddress -->
        <test-method is-config="true" signature="captureScreenShot()[pri:0, instance:mavenprojetdemos.ProjectDemoWebShop@3d6f0054]" started-at="2022-07-24T18:55:00 IST" name="captureScreenShot" finished-at="2022-07-24T18:55:00 IST" duration-ms="200" status="PASS">
          <reporter-output>
          </reporter-output>
        </test-method> <!-- captureScreenShot -->
        <test-method is-config="true" signature="getCookies()[pri:0, instance:mavenprojetdemos.ProjectDemoWebShop@3d6f0054]" started-at="2022-07-24T18:55:00 IST" name="getCookies" finished-at="2022-07-24T18:55:00 IST" duration-ms="8" status="PASS">
          <reporter-output>
          </reporter-output>
        </test-method> <!-- getCookies -->
        <test-method signature="payment()[pri:6, instance:mavenprojetdemos.ProjectDemoWebShop@3d6f0054]" started-at="2022-07-24T18:55:00 IST" name="payment" finished-at="2022-07-24T18:55:02 IST" duration-ms="1275" status="PASS">
          <reporter-output>
          </reporter-output>
        </test-method> <!-- payment -->
        <test-method is-config="true" signature="captureScreenShot()[pri:0, instance:mavenprojetdemos.ProjectDemoWebShop@3d6f0054]" started-at="2022-07-24T18:55:02 IST" name="captureScreenShot" finished-at="2022-07-24T18:55:02 IST" duration-ms="188" status="PASS">
          <reporter-output>
          </reporter-output>
        </test-method> <!-- captureScreenShot -->
        <test-method is-config="true" signature="getCookies()[pri:0, instance:mavenprojetdemos.ProjectDemoWebShop@3d6f0054]" started-at="2022-07-24T18:55:02 IST" name="getCookies" finished-at="2022-07-24T18:55:02 IST" duration-ms="7" status="PASS">
          <reporter-output>
          </reporter-output>
        </test-method> <!-- getCookies -->
        <test-method signature="confirmOrder()[pri:7, instance:mavenprojetdemos.ProjectDemoWebShop@3d6f0054]" started-at="2022-07-24T18:55:02 IST" name="confirmOrder" finished-at="2022-07-24T18:55:02 IST" duration-ms="324" status="PASS">
          <reporter-output>
          </reporter-output>
        </test-method> <!-- confirmOrder -->
        <test-method is-config="true" signature="captureScreenShot()[pri:0, instance:mavenprojetdemos.ProjectDemoWebShop@3d6f0054]" started-at="2022-07-24T18:55:02 IST" name="captureScreenShot" finished-at="2022-07-24T18:55:02 IST" duration-ms="199" status="PASS">
          <reporter-output>
          </reporter-output>
        </test-method> <!-- captureScreenShot -->
        <test-method is-config="true" signature="dbClose()[pri:0, instance:mavenprojetdemos.ProjectDemoWebShop@3d6f0054]" started-at="2022-07-24T18:55:02 IST" name="dbClose" finished-at="2022-07-24T18:55:02 IST" duration-ms="1" status="PASS">
          <reporter-output>
          </reporter-output>
        </test-method> <!-- dbClose -->
        <test-method is-config="true" signature="deleteCookies()[pri:0, instance:mavenprojetdemos.ProjectDemoWebShop@3d6f0054]" started-at="2022-07-24T18:55:02 IST" name="deleteCookies" finished-at="2022-07-24T18:55:02 IST" duration-ms="0" status="PASS">
          <reporter-output>
          </reporter-output>
        </test-method> <!-- deleteCookies -->
        <test-method is-config="true" signature="closeBrowser()[pri:0, instance:mavenprojetdemos.ProjectDemoWebShop@3d6f0054]" started-at="2022-07-24T18:55:02 IST" name="closeBrowser" finished-at="2022-07-24T18:55:05 IST" duration-ms="2102" status="PASS">
          <reporter-output>
          </reporter-output>
        </test-method> <!-- closeBrowser -->
      </class> <!-- mavenprojetdemos.ProjectDemoWebShop -->
    </test> <!-- Test -->
  </suite> <!-- Suite -->
</testng-results>
