<?xml version="1.0" encoding="UTF-8"?>
<!-- Generated by org.testng.reporters.JUnitXMLReporter -->
<testsuite ignored="0" hostname="Atul" failures="0" tests="7" name="Test" time="29.003" errors="0" timestamp="2022-07-24T18:55:02 IST">
  <testcase classname="mavenprojetdemos.ProjectDemoWebShop" name="aRegister" time="2.415"/>
  <testcase classname="mavenprojetdemos.ProjectDemoWebShop" name="bContinue" time="11.549"/>
  <testcase classname="mavenprojetdemos.ProjectDemoWebShop" name="shoppingCart" time="3.649"/>
  <testcase classname="mavenprojetdemos.ProjectDemoWebShop" name="billingAddress" time="1.623"/>
  <testcase classname="mavenprojetdemos.ProjectDemoWebShop" name="shippingAddress" time="1.212"/>
  <testcase classname="mavenprojetdemos.ProjectDemoWebShop" name="payment" time="1.275"/>
  <testcase classname="mavenprojetdemos.ProjectDemoWebShop" name="confirmOrder" time="0.324"/>
</testsuite> <!-- Test -->
